Watching for file changes with StatReloader
"GET / HTTP/1.1" 200 21733
"GET /media/default/dummy_image.png HTTP/1.1" 200 3445
"GET /static/css/blog.css HTTP/1.1" 200 866
"GET /static/css/base.css HTTP/1.1" 200 2575
"GET /media/display_pics/1bf73e55-7287-4457-88f8-c7e7d151fcaf/display_pic.png HTTP/1.1" 200 86574
"GET /static/css/bootstrap.css HTTP/1.1" 200 173352
"GET /media/display_pics/44a192c2-bf9f-4485-b6bb-5b24f4cbcf01/display_pic.png HTTP/1.1" 200 143905
Not Found: /favicon.ico
"GET /favicon.ico HTTP/1.1" 404 11206
"GET / HTTP/1.1" 200 21733
"GET / HTTP/1.1" 200 21733
"GET /get_blogs/user/1bf73e55-7287-4457-88f8-c7e7d151fcaf/ HTTP/1.1" 302 0
"GET / HTTP/1.1" 200 21882
"GET /login/ HTTP/1.1" 200 8015
"POST /login/ HTTP/1.1" 200 7975
"GET /password_reset/ HTTP/1.1" 200 7070
"POST /login/ HTTP/1.1" 200 7975
"POST /login/ HTTP/1.1" 200 7975
"GET / HTTP/1.1" 200 21733
"GET /admin HTTP/1.1" 301 0
"GET /admin/ HTTP/1.1" 302 0
"GET /admin/login/?next=/admin/ HTTP/1.1" 200 2210
"GET /static/admin/js/nav_sidebar.js HTTP/1.1" 200 1360
"GET /static/admin/css/nav_sidebar.css HTTP/1.1" 200 2271
"GET /static/admin/css/login.css HTTP/1.1" 200 939
"GET /static/admin/css/responsive.css HTTP/1.1" 200 18545
"GET /static/admin/css/base.css HTTP/1.1" 200 19513
"GET /static/admin/css/fonts.css HTTP/1.1" 200 423
"GET /static/admin/fonts/Roboto-Light-webfont.woff HTTP/1.1" 200 85692
"GET /static/admin/fonts/Roboto-Regular-webfont.woff HTTP/1.1" 200 85876
"POST /admin/login/?next=/admin/ HTTP/1.1" 302 0
"GET /admin/ HTTP/1.1" 200 10894
"GET /static/admin/css/dashboard.css HTTP/1.1" 200 380
"GET /static/admin/img/icon-addlink.svg HTTP/1.1" 200 331
"GET /static/admin/img/icon-changelink.svg HTTP/1.1" 200 380
"GET /static/admin/fonts/Roboto-Bold-webfont.woff HTTP/1.1" 200 86184
"GET / HTTP/1.1" 200 32756
"GET /account/221c478b-feff-4549-9d93-ace4bd3e1e45/ HTTP/1.1" 200 9626
"GET /get_blogs/ HTTP/1.1" 200 36776
"GET / HTTP/1.1" 200 32756
"GET /account/221c478b-feff-4549-9d93-ace4bd3e1e45/ HTTP/1.1" 200 9626
"GET /get_blogs/ HTTP/1.1" 200 36776
"GET /get_blogs/user/221c478b-feff-4549-9d93-ace4bd3e1e45/ HTTP/1.1" 200 19033
"GET /blog_detail/079197ae-3559-4579-94e2-fe2f5e7dc1e1/ HTTP/1.1" 200 24257
"GET /media/post_images/221c478b-feff-4549-9d93-ace4bd3e1e45/IMG_20181130_201659_169_dYb0JEp.jpg HTTP/1.1" 200 86574
"GET /blog_edit/079197ae-3559-4579-94e2-fe2f5e7dc1e1/ HTTP/1.1" 200 9683
"GET /blog_detail/3ad679e6-dde8-4dd5-9ef5-fbe260e2a521/ HTTP/1.1" 200 13317
"GET /blog_edit/3ad679e6-dde8-4dd5-9ef5-fbe260e2a521/ HTTP/1.1" 200 11132
"GET /blog_detail/079197ae-3559-4579-94e2-fe2f5e7dc1e1/ HTTP/1.1" 200 24257
"GET /blog_edit/079197ae-3559-4579-94e2-fe2f5e7dc1e1/ HTTP/1.1" 200 9683
"GET /blog_detail/3b3bad2a-b9d3-4bc6-aab0-4e2ec83d1943/ HTTP/1.1" 200 12865
"GET /media/post_images/221c478b-feff-4549-9d93-ace4bd3e1e45/IMG_20181130_201659_169_JNBrhXS.jpg HTTP/1.1" 200 86574
"GET /blog_edit/3b3bad2a-b9d3-4bc6-aab0-4e2ec83d1943/ HTTP/1.1" 200 9941
"GET /publish_blog/3b3bad2a-b9d3-4bc6-aab0-4e2ec83d1943/ HTTP/1.1" 200 0
"GET /blog_detail/fe72fd68-0331-43a8-af13-3f286d2e4e52/ HTTP/1.1" 200 13417
"GET /media/post_images/221c478b-feff-4549-9d93-ace4bd3e1e45/IMG_20180217_214958_730.jpg HTTP/1.1" 200 79390
"GET /blog_edit/fe72fd68-0331-43a8-af13-3f286d2e4e52/ HTTP/1.1" 200 9945
"GET /publish_blog/fe72fd68-0331-43a8-af13-3f286d2e4e52/ HTTP/1.1" 200 0
"GET /blog_detail/539c3aff-2423-4d13-9f57-ea164b000bee/ HTTP/1.1" 200 13894
"GET /blog_edit/539c3aff-2423-4d13-9f57-ea164b000bee/ HTTP/1.1" 200 8966
"GET /publish_blog/539c3aff-2423-4d13-9f57-ea164b000bee/ HTTP/1.1" 200 0
"GET / HTTP/1.1" 200 36351
"GET /get_blog_elements/cc15ad62-3732-4713-a25c-74d94e3b1054/True/ HTTP/1.1" 200 3387
"GET /get_blog_elements/fe72fd68-0331-43a8-af13-3f286d2e4e52/True/ HTTP/1.1" 200 4111
"GET /get_blog_elements/539c3aff-2423-4d13-9f57-ea164b000bee/True/ HTTP/1.1" 200 4645
"GET /get_blog_elements/079197ae-3559-4579-94e2-fe2f5e7dc1e1/True/ HTTP/1.1" 200 4390
"GET /get_blog_elements/3b3bad2a-b9d3-4bc6-aab0-4e2ec83d1943/True/ HTTP/1.1" 200 4640
"GET /get_blog_elements/079197ae-3559-4579-94e2-fe2f5e7dc1e1/True/ HTTP/1.1" 200 4390
"GET /get_blog_elements/fe72fd68-0331-43a8-af13-3f286d2e4e52/True/ HTTP/1.1" 200 4111
"GET /get_blog_elements/539c3aff-2423-4d13-9f57-ea164b000bee/True/ HTTP/1.1" 200 4645
"GET /get_blog_elements/cc15ad62-3732-4713-a25c-74d94e3b1054/True/ HTTP/1.1" 200 3387
"GET /get_blog_elements/3b3bad2a-b9d3-4bc6-aab0-4e2ec83d1943/True/ HTTP/1.1" 200 4640
"GET /get_blog_elements/079197ae-3559-4579-94e2-fe2f5e7dc1e1/True/ HTTP/1.1" 200 4390
"GET /get_blog_elements/3b3bad2a-b9d3-4bc6-aab0-4e2ec83d1943/True/ HTTP/1.1" 200 4640
"GET /get_blog_elements/fe72fd68-0331-43a8-af13-3f286d2e4e52/True/ HTTP/1.1" 200 4111
"GET /get_blog_elements/cc15ad62-3732-4713-a25c-74d94e3b1054/True/ HTTP/1.1" 200 3387
"GET /get_blog_elements/539c3aff-2423-4d13-9f57-ea164b000bee/True/ HTTP/1.1" 200 4645
"GET /get_blog_elements/3b3bad2a-b9d3-4bc6-aab0-4e2ec83d1943/True/ HTTP/1.1" 200 4640
"GET /get_blog_elements/079197ae-3559-4579-94e2-fe2f5e7dc1e1/True/ HTTP/1.1" 200 4390
"GET /get_blog_elements/cc15ad62-3732-4713-a25c-74d94e3b1054/True/ HTTP/1.1" 200 3387
"GET /get_blog_elements/fe72fd68-0331-43a8-af13-3f286d2e4e52/True/ HTTP/1.1" 200 4111
"GET /get_blog_elements/539c3aff-2423-4d13-9f57-ea164b000bee/True/ HTTP/1.1" 200 4645
"GET /get_blog_elements/fe72fd68-0331-43a8-af13-3f286d2e4e52/True/ HTTP/1.1" 200 4111
"GET /get_blog_elements/079197ae-3559-4579-94e2-fe2f5e7dc1e1/True/ HTTP/1.1" 200 4390
"GET /get_blog_elements/3b3bad2a-b9d3-4bc6-aab0-4e2ec83d1943/True/ HTTP/1.1" 200 4640
"GET /get_blog_elements/cc15ad62-3732-4713-a25c-74d94e3b1054/True/ HTTP/1.1" 200 3387
"GET /get_blog_elements/539c3aff-2423-4d13-9f57-ea164b000bee/True/ HTTP/1.1" 200 4645
"GET /get_blog_elements/fe72fd68-0331-43a8-af13-3f286d2e4e52/True/ HTTP/1.1" 200 4111
"GET /get_blog_elements/3b3bad2a-b9d3-4bc6-aab0-4e2ec83d1943/True/ HTTP/1.1" 200 4640
"GET /get_blog_elements/cc15ad62-3732-4713-a25c-74d94e3b1054/True/ HTTP/1.1" 200 3387
"GET /get_blog_elements/539c3aff-2423-4d13-9f57-ea164b000bee/True/ HTTP/1.1" 200 4645
"GET /get_blog_elements/079197ae-3559-4579-94e2-fe2f5e7dc1e1/True/ HTTP/1.1" 200 4390
"GET /get_blog_elements/3b3bad2a-b9d3-4bc6-aab0-4e2ec83d1943/True/ HTTP/1.1" 200 4640
"GET /get_blog_elements/cc15ad62-3732-4713-a25c-74d94e3b1054/True/ HTTP/1.1" 200 3387
"GET /get_blog_elements/539c3aff-2423-4d13-9f57-ea164b000bee/True/ HTTP/1.1" 200 4645
"GET /get_blog_elements/079197ae-3559-4579-94e2-fe2f5e7dc1e1/True/ HTTP/1.1" 200 4390
"GET /get_blog_elements/fe72fd68-0331-43a8-af13-3f286d2e4e52/True/ HTTP/1.1" 200 4111
"GET /get_blog_elements/fe72fd68-0331-43a8-af13-3f286d2e4e52/True/ HTTP/1.1" 200 4111
"GET /get_blog_elements/cc15ad62-3732-4713-a25c-74d94e3b1054/True/ HTTP/1.1" 200 3387
"GET /get_blog_elements/539c3aff-2423-4d13-9f57-ea164b000bee/True/ HTTP/1.1" 200 4645
"GET /get_blog_elements/3b3bad2a-b9d3-4bc6-aab0-4e2ec83d1943/True/ HTTP/1.1" 200 4640
"GET /get_blog_elements/079197ae-3559-4579-94e2-fe2f5e7dc1e1/True/ HTTP/1.1" 200 4390
"GET / HTTP/1.1" 200 36351
"GET / HTTP/1.1" 200 36351
"GET / HTTP/1.1" 200 36351
"GET / HTTP/1.1" 200 36351
"GET / HTTP/1.1" 200 36351
"GET / HTTP/1.1" 200 21859
"GET /static/css/bootstrap.css HTTP/1.1" 200 173352
"GET /static/css/base.css HTTP/1.1" 200 2575
"GET /static/css/blog.css HTTP/1.1" 200 866
"GET /media/default/dummy_image.png HTTP/1.1" 200 3445
"GET /media/display_pics/1bf73e55-7287-4457-88f8-c7e7d151fcaf/display_pic.png HTTP/1.1" 200 86574
Not Found: /favicon.ico
- Broken pipe from ('127.0.0.1', 57645)

"GET /static/css/bootstrap.css.map HTTP/1.1" 200 426412
"GET /get_blog_elements/fe72fd68-0331-43a8-af13-3f286d2e4e52/True/ HTTP/1.1" 200 4111
"GET /get_blog_elements/539c3aff-2423-4d13-9f57-ea164b000bee/True/ HTTP/1.1" 200 4645
"GET /get_blog_elements/cc15ad62-3732-4713-a25c-74d94e3b1054/True/ HTTP/1.1" 200 3387
"GET /get_blog_elements/3b3bad2a-b9d3-4bc6-aab0-4e2ec83d1943/True/ HTTP/1.1" 200 4640
"GET /get_blog_elements/079197ae-3559-4579-94e2-fe2f5e7dc1e1/True/ HTTP/1.1" 200 4390
"GET /get_blog_elements/fe72fd68-0331-43a8-af13-3f286d2e4e52/True/ HTTP/1.1" 200 4111
"GET /get_blog_elements/539c3aff-2423-4d13-9f57-ea164b000bee/True/ HTTP/1.1" 200 4645
"GET /get_blog_elements/cc15ad62-3732-4713-a25c-74d94e3b1054/True/ HTTP/1.1" 200 3387
"GET /get_blog_elements/079197ae-3559-4579-94e2-fe2f5e7dc1e1/True/ HTTP/1.1" 200 4390
"GET /get_blog_elements/3b3bad2a-b9d3-4bc6-aab0-4e2ec83d1943/True/ HTTP/1.1" 200 4640
"GET / HTTP/1.1" 200 36335
"GET /static/css/bootstrap.css.map HTTP/1.1" 200 426412
"GET /?page=2 HTTP/1.1" 200 22866
"GET /static/css/bootstrap.css.map HTTP/1.1" 200 426412
"GET /blog_like/75f0944e-77a2-445b-b58d-a728b34148f8/ HTTP/1.1" 200 1415
"GET /admin/account/otptoken/ HTTP/1.1" 200 7738
"GET /static/admin/js/jquery.init.js HTTP/1.1" 200 347
"GET /admin/jsi18n/ HTTP/1.1" 200 3195
"GET /static/admin/js/core.js HTTP/1.1" 200 5698
"GET /static/admin/css/changelists.css HTTP/1.1" 200 6874
"GET /static/admin/js/admin/RelatedObjectLookups.js HTTP/1.1" 200 5984
"GET /static/admin/js/urlify.js HTTP/1.1" 200 7902
"GET /static/admin/js/vendor/jquery/jquery.js HTTP/1.1" 200 287630
"GET /static/admin/js/actions.js HTTP/1.1" 200 6540
"GET /static/admin/js/prepopulate.js HTTP/1.1" 200 1531
"GET /static/admin/js/vendor/xregexp/xregexp.js HTTP/1.1" 200 232381
"GET /static/admin/img/tooltag-add.svg HTTP/1.1" 200 331
